<?xml version="1.0" encoding="UTF-8"?>
<!-- Generated by org.testng.reporters.JUnitReportReporter -->
<testsuite hostname="DESKTOP-C8AFJFT" failures="0" tests="1" name="tests.Bongobd" time="72.056" errors="0" timestamp="2021-12-27T22:58:35 PST" skipped="0">
  <testcase classname="tests.Bongobd" name="Bongobd_test" time="72.056"/>
  <system-out/>
</testsuite> <!-- tests.Bongobd -->
