<?xml version="1.0" encoding="UTF-8"?>
<!-- Generated by org.testng.reporters.JUnitReportReporter -->
<testsuite hostname="DESKTOP-C8AFJFT" failures="0" tests="1" name="tests.Facebook" time="63.818" errors="0" timestamp="2021-12-27T22:48:02 PST" skipped="0">
  <testcase classname="tests.Facebook" name="Facebook_test" time="63.818"/>
  <system-out/>
</testsuite> <!-- tests.Facebook -->
